#
# A fatal error has been detected by the Java Runtime Environment:
#
#  EXCEPTION_ACCESS_VIOLATION (0xc0000005) at pc=0x00000000699bca77, pid=2752, tid=0x00000000000019a0
#
# JRE version: OpenJDK Runtime Environment (8.0_152-b06) (build 1.8.0_152-release-1136-b06)
# Java VM: OpenJDK 64-Bit Server VM (25.152-b06 mixed mode windows-amd64 compressed oops)
# Problematic frame:
# V  [jvm.dll+0x1eca77]
#
# Failed to write core dump. Minidumps are not enabled by default on client versions of Windows
#
# If you would like to submit a bug report, please visit:
#   http://bugreport.java.com/bugreport/crash.jsp
#

---------------  T H R E A D  ---------------

Current thread (0x000000002490c000):  JavaThread "Build operations" [_thread_in_vm, id=6560, stack(0x000000002faf0000,0x000000002fbf0000)]

siginfo: ExceptionCode=0xc0000005, writing address 0x000000002fbe4e50

Registers:
RAX=0x000000002fbe4e50, RBX=0x0000000000000007, RCX=0x0000000000006000, RDX=0x000000000000001a
RSP=0x000000002fbeae50, RBP=0x0000000000000000, RSI=0x000000002fbeae50, RDI=0x0000000000000007
R8 =0x000000000000001a, R9 =0x0000000024f2f540, R10=0x00000000178fa578, R11=0x000000002fafa158
R12=0x0000000024f2f540, R13=0x000000002490c000, R14=0x000000002fbeaf80, R15=0x00000000178fa578
RIP=0x00000000699bca77, EFLAGS=0x0000000000010206

Top of Stack: (sp=0x000000002fbeae50)
0x000000002fbeae50:   0000000023765118 00000000698d822b
0x000000002fbeae60:   000000002490c000 0000000024f2f540
0x000000002fbeae70:   00000000ffffffff 00000000699bd9a7
0x000000002fbeae80:   000000002fbeaf80 00000000178fa578
0x000000002fbeae90:   000000002490c000 0000000069807878
0x000000002fbeaea0:   000000002fbeb230 0000000004a88440
0x000000002fbeaeb0:   0000000000000000 000000002490c000
0x000000002fbeaec0:   00000000178fa578 000000002490c000
0x000000002fbeaed0:   0000000004b46d60 0000000000000000
0x000000002fbeaee0:   0000000000000000 0000000000000000
0x000000002fbeaef0:   0000000000000000 0000000000000000
0x000000002fbeaf00:   0000000000000000 00000000178fa578
0x000000002fbeaf10:   000000002490c000 0000000000000000
0x000000002fbeaf20:   0000000002d00000 00000000283c2120
0x000000002fbeaf30:   000000002fbeb0c8 0000000000000000
0x000000002fbeaf40:   000000002fbeb001 000000001e414430 

Instructions: (pc=0x00000000699bca77)
0x00000000699bca57:   48 89 6c 24 30 33 ed 66 90 e8 0b c0 07 00 ff c3
0x00000000699bca67:   48 63 c8 48 8b c6 48 0f af cf 48 ff c7 48 2b c1
0x00000000699bca77:   89 28 48 63 c3 48 3b 05 25 5b 57 00 7e db 48 8b
0x00000000699bca87:   6c 24 30 48 8b 5c 24 38 48 8b 74 24 40 48 83 c4 


Register to memory mapping:

RAX=0x000000002fbe4e50 is pointing into the stack for thread: 0x000000002490c000
RBX=0x0000000000000007 is an unknown value
RCX=0x0000000000006000 is an unknown value
RDX=0x000000000000001a is an unknown value
RSP=0x000000002fbeae50 is pointing into the stack for thread: 0x000000002490c000
RBP=0x0000000000000000 is an unknown value
RSI=0x000000002fbeae50 is pointing into the stack for thread: 0x000000002490c000
RDI=0x0000000000000007 is an unknown value
R8 =0x000000000000001a is an unknown value
R9 =0x0000000024f2f540 is an unknown value
R10={method} {0x00000000178fa580} 'register' '(Ljava/lang/Object;)V' in 'java/lang/ref/Finalizer'
R11=0x000000002fafa158 is pointing into the stack for thread: 0x000000002490c000
R12=0x0000000024f2f540 is an unknown value
R13=0x000000002490c000 is a thread
R14=0x000000002fbeaf80 is pointing into the stack for thread: 0x000000002490c000
R15={method} {0x00000000178fa580} 'register' '(Ljava/lang/Object;)V' in 'java/lang/ref/Finalizer'


Stack: [0x000000002faf0000,0x000000002fbf0000],  sp=0x000000002fbeae50,  free space=1003k
Native frames: (J=compiled Java code, j=interpreted, Vv=VM code, C=native code)

Java frames: (J=compiled Java code, j=interpreted, Vv=VM code)
v  ~RuntimeStub::_register_finalizer_Java
J 15533 C2 java.util.zip.ZipFile.getInputStream(Ljava/util/zip/ZipEntry;)Ljava/io/InputStream; (304 bytes) @ 0x00000000070ad834 [0x00000000070ad6c0+0x174]
j  java.util.jar.JarFile.getManifestFromReference()Ljava/util/jar/Manifest;+92
J 5590 C2 java.net.URLClassLoader$1.run()Ljava/lang/Class; (63 bytes) @ 0x0000000005c504f0 [0x0000000005c4f400+0x10f0]
J 1445 C2 java.net.URLClassLoader$1.run()Ljava/lang/Object; (5 bytes) @ 0x0000000004d24c54 [0x0000000004d24c20+0x34]
v  ~StubRoutines::call_stub
J 223  java.security.AccessController.doPrivileged(Ljava/security/PrivilegedExceptionAction;Ljava/security/AccessControlContext;)Ljava/lang/Object; (0 bytes) @ 0x0000000004c7a866 [0x0000000004c7a800+0x66]
J 1358 C2 java.net.URLClassLoader.findClass(Ljava/lang/String;)Ljava/lang/Class; (47 bytes) @ 0x0000000004c98330 [0x0000000004c982a0+0x90]
J 2750 C2 java.lang.ClassLoader.loadClass(Ljava/lang/String;Z)Ljava/lang/Class; (122 bytes) @ 0x0000000005539884 [0x0000000005539480+0x404]
J 2750 C2 java.lang.ClassLoader.loadClass(Ljava/lang/String;Z)Ljava/lang/Class; (122 bytes) @ 0x0000000005539780 [0x0000000005539480+0x300]
J 2338 C2 java.lang.ClassLoader.loadClass(Ljava/lang/String;)Ljava/lang/Class; (7 bytes) @ 0x00000000053a08c0 [0x00000000053a0880+0x40]
v  ~StubRoutines::call_stub
v  ~RuntimeStub::resolve_static_call
J 8119 C1 org.gradle.api.internal.artifacts.ivyservice.ivyresolve.RepositoryChainComponentMetaDataResolver.findBestMatch(Ljava/util/LinkedList;Ljava/util/Collection;Ljava/util/Collection;)Lorg/gradle/api/internal/artifacts/ivyservice/ivyresolve/RepositoryChainModuleResolution; (217 bytes) @ 0x000000000580a44c [0x0000000005809560+0xeec]
J 6865 C1 org.gradle.api.internal.artifacts.ivyservice.ivyresolve.RepositoryChainComponentMetaDataResolver.findBestMatch(Ljava/util/List;Ljava/util/Collection;)Lorg/gradle/api/internal/artifacts/ivyservice/ivyresolve/RepositoryChainModuleResolution; (71 bytes) @ 0x0000000005b8adb4 [0x0000000005b8a900+0x4b4]
J 22978 C1 org.gradle.api.internal.artifacts.ivyservice.ivyresolve.RepositoryChainComponentMetaDataResolver.resolveModule(Lorg/gradle/api/artifacts/component/ModuleComponentIdentifier;Lorg/gradle/internal/component/model/ComponentOverrideMetadata;Lorg/gradle/internal/resolve/result/BuildableComponentResolveResult;)V (277 bytes) @ 0x000000000872963c [0x00000000087282e0+0x135c]
J 6864 C1 org.gradle.api.internal.artifacts.ivyservice.ivyresolve.RepositoryChainComponentMetaDataResolver.resolve(Lorg/gradle/api/artifacts/component/ComponentIdentifier;Lorg/gradle/internal/component/model/ComponentOverrideMetadata;Lorg/gradle/internal/resolve/result/BuildableComponentResolveResult;)V (28 bytes) @ 0x0000000004d96ddc [0x0000000004d96b20+0x2bc]
J 8276 C1 org.gradle.api.internal.artifacts.ivyservice.resolveengine.ComponentResolversChain$ComponentMetaDataResolverChain.resolve(Lorg/gradle/api/artifacts/component/ComponentIdentifier;Lorg/gradle/internal/component/model/ComponentOverrideMetadata;Lorg/gradle/internal/resolve/result/BuildableComponentResolveResult;)V (57 bytes) @ 0x0000000006307214 [0x0000000006306da0+0x474]
J 12763 C2 org.gradle.api.internal.artifacts.ivyservice.resolveengine.graph.builder.ComponentState.resolve()V (65 bytes) @ 0x0000000006c09394 [0x0000000006c09060+0x334]
J 12771 C1 org.gradle.api.internal.artifacts.ivyservice.resolveengine.graph.builder.DownloadMetadataOperation.run(Lorg/gradle/internal/operations/BuildOperationContext;)V (9 bytes) @ 0x0000000006ab7f24 [0x0000000006ab7e40+0xe4]
J 23202 C2 org.gradle.internal.operations.DefaultBuildOperationExecutor.execute(Lorg/gradle/internal/operations/BuildOperation;Lorg/gradle/internal/operations/BuildOperationWorker;Lorg/gradle/internal/operations/DefaultBuildOperationExecutor$BuildOperationState;)V (340 bytes) @ 0x000000000885d854 [0x000000000885c9a0+0xeb4]
J 10549 C1 org.gradle.internal.operations.DefaultBuildOperationQueue$WorkerRunnable$1.call()Ljava/lang/Integer; (38 bytes) @ 0x000000000612e544 [0x000000000612e2e0+0x264]
J 9708 C1 org.gradle.internal.operations.DefaultBuildOperationQueue$WorkerRunnable$1.call()Ljava/lang/Object; (5 bytes) @ 0x000000000625498c [0x0000000006254900+0x8c]
J 9705 C1 org.gradle.internal.work.DefaultWorkerLeaseService.withLocks(Ljava/lang/Iterable;Ljava/util/concurrent/Callable;)Ljava/lang/Object; (58 bytes) @ 0x000000000625589c [0x00000000062555e0+0x2bc]
J 23232 C2 org.gradle.internal.operations.DefaultBuildOperationQueue$WorkerRunnable.run()V (22 bytes) @ 0x0000000006241f3c [0x0000000006241c20+0x31c]
J 24110 C2 org.gradle.internal.concurrent.ManagedExecutorImpl$1.run()V (59 bytes) @ 0x0000000008a6e858 [0x0000000008a6e6c0+0x198]
J 23658 C1 java.util.concurrent.ThreadPoolExecutor.runWorker(Ljava/util/concurrent/ThreadPoolExecutor$Worker;)V (225 bytes) @ 0x0000000005972324 [0x00000000059712e0+0x1044]
j  java.util.concurrent.ThreadPoolExecutor$Worker.run()V+5
j  org.gradle.internal.concurrent.ThreadFactoryImpl$ManagedThreadRunnable.run()V+7
j  java.lang.Thread.run()V+11
v  ~StubRoutines::call_stub

---------------  P R O C E S S  ---------------

Java Threads: ( => current thread )
  0x0000000024916800 JavaThread "Build operations Thread 2" [_thread_blocked, id=3372, stack(0x000000002fbf0000,0x000000002fcf0000)]
=>0x000000002490c000 JavaThread "Build operations" [_thread_in_vm, id=6560, stack(0x000000002faf0000,0x000000002fbf0000)]
  0x0000000024913000 JavaThread "Cache worker for Artifact transforms cache (C:\Users\Kunika\.gradle\caches\transforms-1)" [_thread_blocked, id=9664, stack(0x000000002f9f0000,0x000000002faf0000)]
  0x000000002490b000 JavaThread "Cache worker for file hash cache (C:\Users\Kunika\AndroidStudioProjects\MVNU\MVNU\.gradle\4.7\fileHashes)" [_thread_blocked, id=8576, stack(0x000000002f8f0000,0x000000002f9f0000)]
  0x0000000024912000 JavaThread "Stdin handler" [_thread_blocked, id=8276, stack(0x000000002f7f0000,0x000000002f8f0000)]
  0x000000002490c800 JavaThread "Asynchronous log dispatcher for DefaultDaemonConnection: socket connection from /127.0.0.1:50105 to /127.0.0.1:50423" [_thread_blocked, id=4600, stack(0x000000002f6f0000,0x000000002f7f0000)]
  0x0000000024909800 JavaThread "Daemon worker Thread 7" [_thread_in_native, id=10136, stack(0x000000002f5f0000,0x000000002f6f0000)]
  0x0000000024910800 JavaThread "Cancel handler" [_thread_blocked, id=1700, stack(0x000000002f4f0000,0x000000002f5f0000)]
  0x0000000024909000 JavaThread "Handler for socket connection from /127.0.0.1:50105 to /127.0.0.1:50423" [_thread_in_native, id=7972, stack(0x000000002f3f0000,0x000000002f4f0000)]
  0x000000002490f800 JavaThread "Daemon Thread 7" [_thread_blocked, id=7200, stack(0x000000002f2f0000,0x000000002f3f0000)]
  0x000000001a8bd800 JavaThread "pool-1-thread-1" [_thread_blocked, id=5824, stack(0x0000000020800000,0x0000000020900000)]
  0x000000001dbf7000 JavaThread "Memory manager" [_thread_blocked, id=8868, stack(0x0000000020500000,0x0000000020600000)]
  0x0000000019b8f000 JavaThread "File lock request listener" [_thread_in_native, id=4896, stack(0x000000001d390000,0x000000001d490000)]
  0x000000001a8df800 JavaThread "Cache worker for file hash cache (C:\Users\Kunika\.gradle\caches\4.7\fileHashes)" [_thread_blocked, id=4760, stack(0x000000001d290000,0x000000001d390000)]
  0x00000000197d5000 JavaThread "Daemon periodic checks" [_thread_blocked, id=2452, stack(0x000000001bac0000,0x000000001bbc0000)]
  0x0000000019ecd000 JavaThread "Incoming local TCP Connector on port 50105" [_thread_in_native, id=5908, stack(0x000000001b780000,0x000000001b880000)]
  0x0000000018239000 JavaThread "Service Thread" daemon [_thread_blocked, id=9484, stack(0x0000000019470000,0x0000000019570000)]
  0x0000000018227000 JavaThread "C1 CompilerThread1" daemon [_thread_blocked, id=8172, stack(0x0000000019370000,0x0000000019470000)]
  0x0000000018224800 JavaThread "C2 CompilerThread0" daemon [_thread_blocked, id=2188, stack(0x0000000019270000,0x0000000019370000)]
  0x000000001822f800 JavaThread "Attach Listener" daemon [_thread_blocked, id=896, stack(0x0000000019170000,0x0000000019270000)]
  0x000000001822e800 JavaThread "Signal Dispatcher" daemon [_thread_blocked, id=8240, stack(0x0000000019070000,0x0000000019170000)]
  0x000000001820f800 JavaThread "Finalizer" daemon [_thread_blocked, id=1252, stack(0x0000000018e80000,0x0000000018f80000)]
  0x00000000181e5800 JavaThread "Reference Handler" daemon [_thread_blocked, id=5468, stack(0x0000000018d80000,0x0000000018e80000)]
  0x0000000004a02800 JavaThread "main" [_thread_blocked, id=3640, stack(0x0000000004810000,0x0000000004910000)]

Other Threads:
  0x00000000181dd000 VMThread [stack: 0x0000000018c80000,0x0000000018d80000] [id=4188]
  0x000000001822d000 WatcherThread [stack: 0x0000000019570000,0x0000000019670000] [id=7436]

VM state:not at safepoint (normal execution)

VM Mutex/Monitor currently owned by a thread: None

Heap:
 PSYoungGen      total 477696K, used 310685K [0x00000000e0000000, 0x0000000100000000, 0x0000000100000000)
  eden space 431104K, 71% used [0x00000000e0000000,0x00000000f2d4e198,0x00000000fa500000)
  from space 46592K, 4% used [0x00000000fa500000,0x00000000fa719330,0x00000000fd280000)
  to   space 46080K, 0% used [0x00000000fd300000,0x00000000fd300000,0x0000000100000000)
 ParOldGen       total 176640K, used 72648K [0x00000000a0000000, 0x00000000aac80000, 0x00000000e0000000)
  object space 176640K, 41% used [0x00000000a0000000,0x00000000a46f2050,0x00000000aac80000)
 Metaspace       used 92393K, capacity 96874K, committed 97792K, reserved 1134592K
  class space    used 11482K, capacity 12485K, committed 12800K, reserved 1048576K

Card table byte_map: [0x0000000013ec0000,0x00000000141d0000] byte_map_base: 0x00000000139c0000

Marking Bits: (ParMarkBitMap*) 0x0000000069f95aa0
 Begin Bits: [0x00000000145d0000, 0x0000000015dd0000)
 End Bits:   [0x0000000015dd0000, 0x00000000175d0000)

Polling page: 0x0000000002d10000

CodeCache: size=245760Kb used=64278Kb max_used=66194Kb free=181481Kb
 bounds [0x0000000004b00000, 0x0000000008c10000, 0x0000000013b00000]
 total_blobs=18848 nmethods=17974 adapters=785
 compilation: enabled

Compilation events (10 events):
Event: 3329.779 Thread 0x0000000018227000 24449       3       org.gradle.model.internal.registry.RuleBindings$ScopeIndex::addReference (127 bytes)
Event: 3330.012 Thread 0x0000000018227000 nmethod 24449 0x0000000006b40e10 code [0x0000000006b410a0, 0x0000000006b421a8]
Event: 3331.505 Thread 0x0000000018227000 24452       3       org.gradle.api.internal.project.DefaultProject::getConvention (8 bytes)
Event: 3331.506 Thread 0x0000000018227000 nmethod 24452 0x0000000004f516d0 code [0x0000000004f51820, 0x0000000004f51a10]
Event: 3333.197 Thread 0x0000000018227000 24454   !   3       org.gradle.internal.metaobject.BeanDynamicObject$MetaClassAdapter::setProperty (386 bytes)
Event: 3333.528 Thread 0x0000000018227000 nmethod 24454 0x000000000642d510 code [0x000000000642dc80, 0x0000000006433068]
Event: 3335.582 Thread 0x0000000018227000 24450       3       org.gradle.model.internal.registry.DefaultModelRegistry::register (6 bytes)
Event: 3335.605 Thread 0x0000000018227000 nmethod 24450 0x0000000006224410 code [0x0000000006224580, 0x0000000006224728]
Event: 3335.704 Thread 0x0000000018224800 24456       4       org.gradle.api.internal.attributes.DefaultImmutableAttributesFactory::isolate (34 bytes)
Event: 3336.128 Thread 0x0000000018224800 nmethod 24456 0x000000000642c750 code [0x000000000642c900, 0x000000000642cea8]

GC Heap History (10 events):
Event: 1696.054 GC heap before
{Heap before GC invocations=38 (full 4):
 PSYoungGen      total 460288K, used 428976K [0x00000000e0000000, 0x0000000100000000, 0x0000000100000000)
  eden space 427008K, 100% used [0x00000000e0000000,0x00000000fa100000,0x00000000fa100000)
  from space 33280K, 5% used [0x00000000fa100000,0x00000000fa2ec110,0x00000000fc180000)
  to   space 32768K, 0% used [0x00000000fe000000,0x00000000fe000000,0x0000000100000000)
 ParOldGen       total 149504K, used 78714K [0x00000000a0000000, 0x00000000a9200000, 0x00000000e0000000)
  object space 149504K, 52% used [0x00000000a0000000,0x00000000a4cde948,0x00000000a9200000)
 Metaspace       used 89952K, capacity 94144K, committed 94208K, reserved 1130496K
  class space    used 11316K, capacity 12264K, committed 12288K, reserved 1048576K
Event: 1696.153 GC heap after
Heap after GC invocations=38 (full 4):
 PSYoungGen      total 488448K, used 5682K [0x00000000e0000000, 0x00000000ffd80000, 0x0000000100000000)
  eden space 458240K, 0% used [0x00000000e0000000,0x00000000e0000000,0x00000000fbf80000)
  from space 30208K, 18% used [0x00000000fe000000,0x00000000fe58ca90,0x00000000ffd80000)
  to   space 31744K, 0% used [0x00000000fbf80000,0x00000000fbf80000,0x00000000fde80000)
 ParOldGen       total 149504K, used 79412K [0x00000000a0000000, 0x00000000a9200000, 0x00000000e0000000)
  object space 149504K, 53% used [0x00000000a0000000,0x00000000a4d8d018,0x00000000a9200000)
 Metaspace       used 89952K, capacity 94144K, committed 94208K, reserved 1130496K
  class space    used 11316K, capacity 12264K, committed 12288K, reserved 1048576K
}
Event: 1752.899 GC heap before
{Heap before GC invocations=39 (full 4):
 PSYoungGen      total 488448K, used 463922K [0x00000000e0000000, 0x00000000ffd80000, 0x0000000100000000)
  eden space 458240K, 100% used [0x00000000e0000000,0x00000000fbf80000,0x00000000fbf80000)
  from space 30208K, 18% used [0x00000000fe000000,0x00000000fe58ca90,0x00000000ffd80000)
  to   space 31744K, 0% used [0x00000000fbf80000,0x00000000fbf80000,0x00000000fde80000)
 ParOldGen       total 149504K, used 79412K [0x00000000a0000000, 0x00000000a9200000, 0x00000000e0000000)
  object space 149504K, 53% used [0x00000000a0000000,0x00000000a4d8d018,0x00000000a9200000)
 Metaspace       used 90640K, capacity 94930K, committed 95104K, reserved 1132544K
  class space    used 11376K, capacity 12359K, committed 12416K, reserved 1048576K
Event: 1753.777 GC heap after
Heap after GC invocations=39 (full 4):
 PSYoungGen      total 489984K, used 31739K [0x00000000e0000000, 0x0000000100000000, 0x0000000100000000)
  eden space 458240K, 0% used [0x00000000e0000000,0x00000000e0000000,0x00000000fbf80000)
  from space 31744K, 99% used [0x00000000fbf80000,0x00000000fde7ed40,0x00000000fde80000)
  to   space 34304K, 0% used [0x00000000fde80000,0x00000000fde80000,0x0000000100000000)
 ParOldGen       total 149504K, used 96217K [0x00000000a0000000, 0x00000000a9200000, 0x00000000e0000000)
  object space 149504K, 64% used [0x00000000a0000000,0x00000000a5df65c8,0x00000000a9200000)
 Metaspace       used 90640K, capacity 94930K, committed 95104K, reserved 1132544K
  class space    used 11376K, capacity 12359K, committed 12416K, reserved 1048576K
}
Event: 2228.630 GC heap before
{Heap before GC invocations=40 (full 4):
 PSYoungGen      total 489984K, used 489979K [0x00000000e0000000, 0x0000000100000000, 0x0000000100000000)
  eden space 458240K, 100% used [0x00000000e0000000,0x00000000fbf80000,0x00000000fbf80000)
  from space 31744K, 99% used [0x00000000fbf80000,0x00000000fde7ed40,0x00000000fde80000)
  to   space 34304K, 0% used [0x00000000fde80000,0x00000000fde80000,0x0000000100000000)
 ParOldGen       total 149504K, used 96217K [0x00000000a0000000, 0x00000000a9200000, 0x00000000e0000000)
  object space 149504K, 64% used [0x00000000a0000000,0x00000000a5df65c8,0x00000000a9200000)
 Metaspace       used 92564K, capacity 97100K, committed 97152K, reserved 1134592K
  class space    used 11638K, capacity 12642K, committed 12672K, reserved 1048576K
Event: 2235.240 GC heap after
Heap after GC invocations=40 (full 4):
 PSYoungGen      total 465408K, used 30484K [0x00000000e0000000, 0x0000000100000000, 0x0000000100000000)
  eden space 431104K, 0% used [0x00000000e0000000,0x00000000e0000000,0x00000000fa500000)
  from space 34304K, 88% used [0x00000000fde80000,0x00000000ffc45188,0x0000000100000000)
  to   space 46592K, 0% used [0x00000000fa500000,0x00000000fa500000,0x00000000fd280000)
 ParOldGen       total 149504K, used 127825K [0x00000000a0000000, 0x00000000a9200000, 0x00000000e0000000)
  object space 149504K, 85% used [0x00000000a0000000,0x00000000a7cd4788,0x00000000a9200000)
 Metaspace       used 92564K, capacity 97100K, committed 97152K, reserved 1134592K
  class space    used 11638K, capacity 12642K, committed 12672K, reserved 1048576K
}
Event: 2235.240 GC heap before
{Heap before GC invocations=41 (full 5):
 PSYoungGen      total 465408K, used 30484K [0x00000000e0000000, 0x0000000100000000, 0x0000000100000000)
  eden space 431104K, 0% used [0x00000000e0000000,0x00000000e0000000,0x00000000fa500000)
  from space 34304K, 88% used [0x00000000fde80000,0x00000000ffc45188,0x0000000100000000)
  to   space 46592K, 0% used [0x00000000fa500000,0x00000000fa500000,0x00000000fd280000)
 ParOldGen       total 149504K, used 127825K [0x00000000a0000000, 0x00000000a9200000, 0x00000000e0000000)
  object space 149504K, 85% used [0x00000000a0000000,0x00000000a7cd4788,0x00000000a9200000)
 Metaspace       used 92564K, capacity 97100K, committed 97152K, reserved 1134592K
  class space    used 11638K, capacity 12642K, committed 12672K, reserved 1048576K
Event: 2250.213 GC heap after
Heap after GC invocations=41 (full 5):
 PSYoungGen      total 465408K, used 0K [0x00000000e0000000, 0x0000000100000000, 0x0000000100000000)
  eden space 431104K, 0% used [0x00000000e0000000,0x00000000e0000000,0x00000000fa500000)
  from space 34304K, 0% used [0x00000000fde80000,0x00000000fde80000,0x0000000100000000)
  to   space 46592K, 0% used [0x00000000fa500000,0x00000000fa500000,0x00000000fd280000)
 ParOldGen       total 176640K, used 72640K [0x00000000a0000000, 0x00000000aac80000, 0x00000000e0000000)
  object space 176640K, 41% used [0x00000000a0000000,0x00000000a46f0050,0x00000000aac80000)
 Metaspace       used 91327K, capacity 95396K, committed 97152K, reserved 1134592K
  class space    used 11368K, capacity 12252K, committed 12672K, reserved 1048576K
}
Event: 2330.985 GC heap before
{Heap before GC invocations=42 (full 5):
 PSYoungGen      total 465408K, used 430710K [0x00000000e0000000, 0x0000000100000000, 0x0000000100000000)
  eden space 431104K, 99% used [0x00000000e0000000,0x00000000fa49d970,0x00000000fa500000)
  from space 34304K, 0% used [0x00000000fde80000,0x00000000fde80000,0x0000000100000000)
  to   space 46592K, 0% used [0x00000000fa500000,0x00000000fa500000,0x00000000fd280000)
 ParOldGen       total 176640K, used 72640K [0x00000000a0000000, 0x00000000aac80000, 0x00000000e0000000)
  object space 176640K, 41% used [0x00000000a0000000,0x00000000a46f0050,0x00000000aac80000)
 Metaspace       used 91418K, capacity 95516K, committed 97152K, reserved 1134592K
  class space    used 11371K, capacity 12288K, committed 12672K, reserved 1048576K
Event: 2331.089 GC heap after
Heap after GC invocations=42 (full 5):
 PSYoungGen      total 477696K, used 2148K [0x00000000e0000000, 0x0000000100000000, 0x0000000100000000)
  eden space 431104K, 0% used [0x00000000e0000000,0x00000000e0000000,0x00000000fa500000)
  from space 46592K, 4% used [0x00000000fa500000,0x00000000fa719330,0x00000000fd280000)
  to   space 46080K, 0% used [0x00000000fd300000,0x00000000fd300000,0x0000000100000000)
 ParOldGen       total 176640K, used 72648K [0x00000000a0000000, 0x00000000aac80000, 0x00000000e0000000)
  object space 176640K, 41% used [0x00000000a0000000,0x00000000a46f2050,0x00000000aac80000)
 Metaspace       used 91418K, capacity 95516K, committed 97152K, reserved 1134592K
  class space    used 11371K, capacity 12288K, committed 12672K, reserved 1048576K
}

Deoptimization events (10 events):
Event: 2523.606 Thread 0x0000000024912000 Uncommon trap: reason=speculate_class_check action=maybe_recompile pc=0x000000000884cf88 method=java.lang.StringCoding.encode(Ljava/nio/charset/Charset;[CII)[B @ 91
Event: 2523.608 Thread 0x0000000024912000 Uncommon trap: reason=speculate_class_check action=maybe_recompile pc=0x000000000884cf88 method=java.lang.StringCoding.encode(Ljava/nio/charset/Charset;[CII)[B @ 91
Event: 2526.055 Thread 0x0000000024912000 Uncommon trap: reason=speculate_class_check action=maybe_recompile pc=0x0000000005d1d1b8 method=java.nio.charset.CharsetEncoder.reset()Ljava/nio/charset/CharsetEncoder; @ 1
Event: 2526.056 Thread 0x0000000024912000 Uncommon trap: reason=speculate_class_check action=maybe_recompile pc=0x0000000005d1d1b8 method=java.nio.charset.CharsetEncoder.reset()Ljava/nio/charset/CharsetEncoder; @ 1
Event: 2536.496 Thread 0x000000001dc7b000 Uncommon trap: reason=class_check action=maybe_recompile pc=0x0000000007e5ddcc method=java.util.stream.MatchOps$MatchOp.evaluateSequential(Ljava/util/stream/PipelineHelper;Ljava/util/Spliterator;)Ljava/lang/Boolean; @ 14
Event: 2536.496 Thread 0x000000001dc7b000 Uncommon trap: reason=bimorphic action=maybe_recompile pc=0x000000000783c74c method=java.util.stream.AbstractPipeline.copyIntoWithCancel(Ljava/util/stream/Sink;Ljava/util/Spliterator;)V @ 24
Event: 2538.805 Thread 0x0000000024912000 Uncommon trap: reason=unstable_if action=reinterpret pc=0x00000000076476e4 method=com.android.tools.build.apkzlib.zip.CentralDirectory.readEntry(Ljava/nio/ByteBuffer;Lcom/android/tools/build/apkzlib/bytestorage/ByteStorage;)V @ 133
Event: 2538.816 Thread 0x0000000024912000 Uncommon trap: reason=unstable_if action=reinterpret pc=0x00000000075fc764 method=com.android.tools.build.apkzlib.zip.StoredEntry.readLocalHeader()V @ 103
Event: 3334.514 Thread 0x000000002490c000 Uncommon trap: reason=unloaded action=reinterpret pc=0x0000000004c6d3a8 method=org.gradle.api.internal.artifacts.ivyservice.ivyresolve.ErrorHandlingModuleComponentRepository$ErrorHandlingModuleComponentRepositoryAccess.resolveComponentMetaData(Lorg/gradle
Event: 3335.911 Thread 0x000000002490c000 Uncommon trap: reason=unstable_if action=reinterpret pc=0x00000000053ea334 method=java.lang.ref.SoftReference.get()Ljava/lang/Object; @ 6

Classes redefined (0 events):
No events

Internal exceptions (10 events):
Event: 2500.007 Thread 0x000000001dc7b000 Implicit null exception at 0x00000000056068c3 to 0x0000000005606e2d
Event: 2510.479 Thread 0x0000000024912000 Implicit null exception at 0x0000000005aa1259 to 0x0000000005aa2511
Event: 2526.695 Thread 0x0000000024913800 Exception <a 'sun/nio/fs/WindowsException'> (0x00000000ef4adf50) thrown at [D:\src\AOSP-openjdk-cygwin\jdk8u\hotspot\src\share\vm\prims\jni.cpp, line 709]
Event: 2527.942 Thread 0x0000000024913800 Exception <a 'sun/nio/fs/WindowsException'> (0x00000000efa2ebe0) thrown at [D:\src\AOSP-openjdk-cygwin\jdk8u\hotspot\src\share\vm\prims\jni.cpp, line 709]
Event: 2532.618 Thread 0x0000000024913800 Exception <a 'sun/nio/fs/WindowsException'> (0x00000000eff93448) thrown at [D:\src\AOSP-openjdk-cygwin\jdk8u\hotspot\src\share\vm\prims\jni.cpp, line 709]
Event: 2535.129 Thread 0x000000002490c800 Exception <a 'sun/nio/fs/WindowsException'> (0x00000000f0d27200) thrown at [D:\src\AOSP-openjdk-cygwin\jdk8u\hotspot\src\share\vm\prims\jni.cpp, line 709]
Event: 3325.211 Thread 0x0000000024909800 Exception <a 'java/lang/ClassNotFoundException': sync_local_repo2113_8l86089t3an857t134kznqbc0BeanInfo> (0x00000000f27cb2b0) thrown at [D:\src\AOSP-openjdk-cygwin\jdk8u\hotspot\src\share\vm\classfile\systemDictionary.cpp, line 210]
Event: 3325.237 Thread 0x0000000024909800 Exception <a 'java/lang/ClassNotFoundException': sync_local_repo2113_8l86089t3an857t134kznqbc0Customizer> (0x00000000f27d7310) thrown at [D:\src\AOSP-openjdk-cygwin\jdk8u\hotspot\src\share\vm\classfile\systemDictionary.cpp, line 210]
Event: 3334.488 Thread 0x000000002490c000 StackOverflowError at 0x0000000005dcd0a0
Event: 3334.489 Thread 0x000000002490c000 Exception <a 'java/lang/StackOverflowError'> (0x00000000f2aa8e10) thrown at [D:\src\AOSP-openjdk-cygwin\jdk8u\hotspot\src\share\vm\runtime\sharedRuntime.cpp, line 605]

Events (10 events):
Event: 3334.943 Thread 0x0000000018227000 flushing nmethod 0x0000000006208110
Event: 3334.983 Thread 0x0000000018227000 flushing nmethod 0x0000000006224310
Event: 3335.316 Thread 0x0000000018227000 flushing nmethod 0x000000000622f790
Event: 3335.797 Thread 0x0000000018227000 flushing nmethod 0x0000000006288710
Event: 3335.798 loading class org/apache/commons/lang/exception/ExceptionUtils
Event: 3335.798 loading class org/apache/commons/lang/exception/ExceptionUtils done
Event: 3335.911 Thread 0x000000002490c000 Uncommon trap: trap_request=0xffffff65 fr.pc=0x00000000053ea334
Event: 3335.911 Thread 0x000000002490c000 DEOPT PACKING pc=0x00000000053ea334 sp=0x000000002fbeb2b0
Event: 3335.912 Thread 0x000000002490c000 DEOPT UNPACKING pc=0x0000000004b4557b sp=0x000000002fbeb250 mode 2
Event: 3335.952 Thread 0x0000000018227000 flushing nmethod 0x00000000062dc910


Dynamic libraries:
0x00007ff730c00000 - 0x00007ff730c31000 	C:\Program Files\Android\Android Studio1\jre\bin\java.exe
0x00007ffe24110000 - 0x00007ffe242f0000 	C:\Windows\SYSTEM32\ntdll.dll
0x00007ffe22620000 - 0x00007ffe226ce000 	C:\Windows\System32\KERNEL32.DLL
0x00007ffe20c60000 - 0x00007ffe20ec6000 	C:\Windows\System32\KERNELBASE.dll
0x00007ffe226e0000 - 0x00007ffe22781000 	C:\Windows\System32\ADVAPI32.dll
0x00007ffe23d80000 - 0x00007ffe23e1d000 	C:\Windows\System32\msvcrt.dll
0x00007ffe21f60000 - 0x00007ffe21fbb000 	C:\Windows\System32\sechost.dll
0x00007ffe21cf0000 - 0x00007ffe21e0f000 	C:\Windows\System32\RPCRT4.dll
0x00007ffe23e20000 - 0x00007ffe23faf000 	C:\Windows\System32\USER32.dll
0x00007ffe214a0000 - 0x00007ffe214c0000 	C:\Windows\System32\win32u.dll
0x00007ffe23fb0000 - 0x00007ffe23fd8000 	C:\Windows\System32\GDI32.dll
0x00007ffe212b0000 - 0x00007ffe21443000 	C:\Windows\System32\gdi32full.dll
0x00007ffe21540000 - 0x00007ffe215db000 	C:\Windows\System32\msvcp_win.dll
0x00007ffe210a0000 - 0x00007ffe21196000 	C:\Windows\System32\ucrtbase.dll
0x00007ffe0a940000 - 0x00007ffe0aba9000 	C:\Windows\WinSxS\amd64_microsoft.windows.common-controls_6595b64144ccf1df_6.0.16299.98_none_cc930a042215c348\COMCTL32.dll
0x00007ffe21ff0000 - 0x00007ffe222f8000 	C:\Windows\System32\combase.dll
0x00007ffe214c0000 - 0x00007ffe21532000 	C:\Windows\System32\bcryptPrimitives.dll
0x00007ffe21fc0000 - 0x00007ffe21fed000 	C:\Windows\System32\IMM32.DLL
0x00000000696f0000 - 0x00000000697c2000 	C:\Program Files\Android\Android Studio1\jre\jre\bin\msvcr100.dll
0x00000000697d0000 - 0x000000006a011000 	C:\Program Files\Android\Android Studio1\jre\jre\bin\server\jvm.dll
0x00007ffe226d0000 - 0x00007ffe226d8000 	C:\Windows\System32\PSAPI.DLL
0x00007ffe1be40000 - 0x00007ffe1be49000 	C:\Windows\SYSTEM32\WSOCK32.dll
0x00007ffe22300000 - 0x00007ffe2236c000 	C:\Windows\System32\WS2_32.dll
0x00007ffe1e400000 - 0x00007ffe1e423000 	C:\Windows\SYSTEM32\WINMM.dll
0x00007ffe11ff0000 - 0x00007ffe11ffa000 	C:\Windows\SYSTEM32\VERSION.dll
0x00007ffe1e3d0000 - 0x00007ffe1e3fa000 	C:\Windows\SYSTEM32\WINMMBASE.dll
0x00007ffe21450000 - 0x00007ffe2149a000 	C:\Windows\System32\cfgmgr32.dll
0x00007ffe1be30000 - 0x00007ffe1be3f000 	C:\Program Files\Android\Android Studio1\jre\jre\bin\verify.dll
0x00007ffe1b6d0000 - 0x00007ffe1b6f9000 	C:\Program Files\Android\Android Studio1\jre\jre\bin\java.dll
0x00007ffe1b7e0000 - 0x00007ffe1b7f6000 	C:\Program Files\Android\Android Studio1\jre\jre\bin\zip.dll
0x00007ffe22940000 - 0x00007ffe23d76000 	C:\Windows\System32\SHELL32.dll
0x00007ffe21eb0000 - 0x00007ffe21f56000 	C:\Windows\System32\shcore.dll
0x00007ffe20510000 - 0x00007ffe20c57000 	C:\Windows\System32\windows.storage.dll
0x00007ffe217d0000 - 0x00007ffe21821000 	C:\Windows\System32\shlwapi.dll
0x00007ffe204a0000 - 0x00007ffe204b1000 	C:\Windows\System32\kernel.appcore.dll
0x00007ffe204c0000 - 0x00007ffe2050c000 	C:\Windows\System32\powrprof.dll
0x00007ffe20460000 - 0x00007ffe2047b000 	C:\Windows\System32\profapi.dll
0x00007ffe1b790000 - 0x00007ffe1b7aa000 	C:\Program Files\Android\Android Studio1\jre\jre\bin\net.dll
0x00007ffe1fc90000 - 0x00007ffe1fcf6000 	C:\Windows\system32\mswsock.dll
0x00007ffe15310000 - 0x00007ffe15321000 	C:\Program Files\Android\Android Studio1\jre\jre\bin\nio.dll
0x00007ffe1bcc0000 - 0x00007ffe1bcde000 	C:\Users\Kunika\.gradle\native\25\windows-amd64\native-platform.dll
0x00007ffe1b6c0000 - 0x00007ffe1b6cd000 	C:\Program Files\Android\Android Studio1\jre\jre\bin\management.dll
0x00007ffe1feb0000 - 0x00007ffe1fec7000 	C:\Windows\SYSTEM32\CRYPTSP.dll
0x00007ffe1f8a0000 - 0x00007ffe1f8d3000 	C:\Windows\system32\rsaenh.dll
0x00007ffe1ffc0000 - 0x00007ffe1ffe5000 	C:\Windows\SYSTEM32\bcrypt.dll
0x00007ffe20390000 - 0x00007ffe203b9000 	C:\Windows\SYSTEM32\USERENV.dll
0x00007ffe1fed0000 - 0x00007ffe1fedb000 	C:\Windows\SYSTEM32\CRYPTBASE.dll
0x00007ffe1fa20000 - 0x00007ffe1fa59000 	C:\Windows\SYSTEM32\IPHLPAPI.DLL
0x00007ffe23fe0000 - 0x00007ffe23fe8000 	C:\Windows\System32\NSI.dll
0x00007ffe158f0000 - 0x00007ffe15906000 	C:\Windows\SYSTEM32\dhcpcsvc6.DLL
0x00007ffe15c20000 - 0x00007ffe15c3a000 	C:\Windows\SYSTEM32\dhcpcsvc.DLL
0x00007ffe1f5a0000 - 0x00007ffe1f5d1000 	C:\Windows\SYSTEM32\ntmarta.dll

VM Arguments:
jvm_args: -Xmx1536m -Dfile.encoding=windows-1252 -Duser.country=IN -Duser.language=en -Duser.variant 
java_command: org.gradle.launcher.daemon.bootstrap.GradleDaemon 4.7
java_class_path (initial): C:\Users\Kunika\.gradle\wrapper\dists\gradle-4.7-all\4cret0dgl5o3b21weaoncl7ys\gradle-4.7\lib\gradle-launcher-4.7.jar
Launcher Type: SUN_STANDARD

Environment Variables:
PATH=C:\Windows\system32;C:\Windows;C:\Windows\System32\Wbem;C:\Windows\System32\WindowsPowerShell\v1.0\;C:\Users\Kunika\AppData\Local\Microsoft\WindowsApps;
USERNAME=Kunika
OS=Windows_NT
PROCESSOR_IDENTIFIER=Intel64 Family 6 Model 61 Stepping 4, GenuineIntel



---------------  S Y S T E M  ---------------

OS: Windows 10.0 , 64 bit Build 16299 (10.0.16299.15)

CPU:total 2 (initial active 2) (2 cores per cpu, 1 threads per core) family 6 model 61 stepping 4, cmov, cx8, fxsr, mmx, sse, sse2, sse3, ssse3, sse4.1, sse4.2, popcnt, clmul, erms, 3dnowpref, lzcnt, tsc, tscinvbit

Memory: 4k page, physical 4102876k(281164k free), swap 16685788k(0k free)

vm_info: OpenJDK 64-Bit Server VM (25.152-b06) for windows-amd64 JRE (1.8.0_152-release-1136-b06), built by "builder" with MS VC++ 10.0 (VS2010)

time: Tue May 12 21:48:49 2020
elapsed time: 3336 seconds (0d 0h 55m 36s)

